     0.0024   22.7   0.1     0.0025   22.7   0.1    1.1  1  sp|P84555|TIQ7_RHISA       Kunitz-type serine protease inhibi
      0.026   19.4   0.2      0.026   19.4   0.2    1.0  1  sp|P0DJ63|VKT_OXYMI        Kunitz-type serine protease inhibi
      0.027   19.3   1.7      0.051   18.5   1.7    1.5  1  sp|Q09JW3|KUNP2_ARGMO      Monogrin 2 OS=Argas monolakensis O
      0.038   18.9   0.4      0.038   18.9   0.4    1.0  1  sp|P83605|BMTI4_RHIMP      Kunitz-type serine protease inhibi
      0.089   17.7   4.0       0.11   17.4   3.2    1.6  1  sp|Q09JW4|KUNP1_ARGMO      Monogrin 1 OS=Argas monolakensis O
      0.097   17.6   3.5      0.097   17.6   3.5    1.6  2  sp|C5H8E7|TICK1_RHIAP      R.appendiculatus Kunitz/BPTI-like 
       0.12   17.2   0.1       0.12   17.2   0.1    1.0  1  sp|P85039|VKTC8_DABSI      Kunitz-type serine protease inhibi
       0.14   17.1   5.2       0.72   14.8   1.0    2.4  2  sp|Q8WPG5|KUNI_ORNKA       Thrombin inhibitor savignin OS=Orn
       0.86   14.5   0.1       0.88   14.5   0.1    1.1  1  sp|P84556|TIS5_RHISA       Kunitz-type serine protease inhibi
        1.1   14.1   0.1        1.1   14.1   0.1    1.0  1  sp|P85040|VKTC9_DABSI      Kunitz-type serine protease inhibi
        1.6   13.6   0.1          4   12.4   0.1    1.6  1  sp|Q91736|EPB1B_XENLA      Ephrin type-B receptor 1-B (Fragme
        1.8   13.5   0.1        4.1   12.4   0.1    1.6  1  sp|Q91571|EPB1A_XENLA      Ephrin type-B receptor 1-A OS=Xeno
          2   13.4   0.0        4.9   12.1   0.0    1.7  1  sp|P09759|EPHB1_RAT        Ephrin type-B receptor 1 OS=Rattus
          2   13.4   0.0        4.9   12.1   0.0    1.7  1  sp|Q8CBF3|EPHB1_MOUSE      Ephrin type-B receptor 1 OS=Mus mu
          2   13.4   0.0        4.9   12.1   0.0    1.7  1  sp|P54762|EPHB1_HUMAN      Ephrin type-B receptor 1 OS=Homo s
          2   13.3   0.1          2   13.3   0.1    1.0  1  sp|P0DV02|VKT2L_HETCR      PI-stichotoxin-Hcr2l (Fragment) OS
        2.2   13.2   0.0        4.9   12.1   0.0    1.6  1  sp|Q07494|EPHB1_CHICK      Ephrin type-B receptor 1 (Fragment
        2.5   13.1   0.3        2.5   13.1   0.3    1.0  1  sp|P0DM47|VKT_MICAT        Protease inhibitor (Fragment) OS=M
        2.7   12.9   1.0          3   12.8   1.0    1.1  1  sp|P83604|BMTI3_RHIMP      Kunitz-type serine protease inhibi
        3.2   12.7   8.2        2.1   13.3   1.3    2.9  3  sp|P56409|KUNI_ORNMO       Ornithodorin OS=Ornithodoros mouba
        3.4   12.6   8.0        5.1   12.1   8.0    1.4  1  sp|P36235|KUNPG_ORNMO      Disagregin OS=Ornithodoros moubata
        4.5   12.2   0.7         12   10.8   0.7    1.7  1  sp|P78746|CHSD_ASPFU       Chitin synthase D OS=Aspergillus f
        4.6   12.2   0.1        8.5   11.3   0.1    1.4  1  sp|P71089|YGAJ_BACSU       Uncharacterized peptidase YgaJ OS=
        5.1   12.0   0.2         14   10.7   0.2    1.8  1  sp|P28693|EPHB2_CHICK      Ephrin type-B receptor 2 OS=Gallus
        5.8   11.9   0.1        5.8   11.9   0.1    1.0  1  sp|P0DV07|VT2K_HETCR       PI-stichotoxin-Hcr2k (Fragment) OS
        6.1   11.8   0.1         20   10.1   0.1    1.9  1  sp|Q91845|EPA4A_XENLA      Ephrin type-A receptor 4-A OS=Xeno
        6.1   11.8   0.1         20   10.1   0.1    1.9  1  sp|P29323|EPHB2_HUMAN      Ephrin type-B receptor 2 OS=Homo s
        6.1   11.8   0.1         20   10.2   0.1    1.9  1  sp|Q91694|EPA4B_XENLA      Ephrin type-A receptor 4-B OS=Xeno
        6.2   11.8   0.2         14   10.7   0.2    1.6  1  sp|Q90344|EPHB2_COTJA      Ephrin type-B receptor 2 OS=Coturn
        6.9   11.6   1.2         20   10.1   0.1    2.3  2  sp|Q07496|EPHA4_CHICK      Ephrin type-A receptor 4 OS=Gallus
        8.2   11.4   0.1         22   10.0   0.1    1.8  1  sp|P54763|EPHB2_MOUSE      Ephrin type-B receptor 2 OS=Mus mu
        8.6   11.3   2.4         16   10.5   2.4    1.4  1  sp|P40500|YII9_YEAST       Uncharacterized membrane protein Y
        9.1   11.2   1.8         26    9.8   0.1    2.5  2  sp|Q03137|EPHA4_MOUSE      Ephrin type-A receptor 4 OS=Mus mu
